[2024-04-02 17:36:15.5561]<INFO><Server start ...>
[2024-04-02 17:36:15.5776]<INFO><Server listen: 127.0.0.1:8080>
[2024-04-02 17:36:15.5782]<INFO><Thread#0 start>
[2024-04-02 17:36:15.5782]<INFO><Thread#0 waiting>
[2024-04-02 17:36:29.0263]<INFO><Received from remote <127.0.0.1:10637>>
[2024-04-02 17:36:29.0263]<INFO><Thread#1 start>
[2024-04-02 17:36:29.0268]<INFO><Received from remote <127.0.0.1:10636>>
[2024-04-02 17:36:29.0268]<INFO><Thread#2 start>
[2024-04-02 17:36:29.0268]<INFO><Thread#2 waiting>
[2024-04-02 17:36:30.0345]<INFO><Thread#0 Recieve: client message: client id: 1, msg id: 0>
[2024-04-02 17:36:30.0345]<INFO><Server msg: thread id: 0, msg id: 0>
[2024-04-02 17:36:30.0345]<INFO><Thread#1 Recieve: client message: client id: 0, msg id: 0>
[2024-04-02 17:36:30.0350]<INFO><Server msg: thread id: 1, msg id: 0>
[2024-04-02 17:36:31.0432]<INFO><Thread#0 Recieve: client message: client id: 1, msg id: 1>
[2024-04-02 17:36:31.0432]<INFO><Server msg: thread id: 0, msg id: 1>
[2024-04-02 17:36:31.0432]<INFO><Thread#1 Recieve: client message: client id: 0, msg id: 1>
[2024-04-02 17:36:31.0439]<INFO><Server msg: thread id: 1, msg id: 1>
[2024-04-02 17:36:32.0350]<INFO><Thread#0 Recieve: client message: client id: 1, msg id: 2>
[2024-04-02 17:36:32.0351]<INFO><Server msg: thread id: 0, msg id: 2>
[2024-04-02 17:36:32.0351]<INFO><Thread#1 Recieve: client message: client id: 0, msg id: 2>
[2024-04-02 17:36:32.0351]<INFO><Server msg: thread id: 1, msg id: 2>
[2024-04-02 17:36:33.0276]<INFO><Thread#0 Recieve: client message: client id: 1, msg id: 3>
[2024-04-02 17:36:33.0276]<INFO><Thread#1 Recieve: client message: client id: 0, msg id: 3>
[2024-04-02 17:36:33.0276]<INFO><Server msg: thread id: 0, msg id: 3>
[2024-04-02 17:36:33.0281]<INFO><Server msg: thread id: 1, msg id: 3>
[2024-04-02 17:36:33.4909]<ERROR><read from client failed, err: <EOF>>
[2024-04-02 17:36:33.4957]<INFO><Thread#1 waiting>
[2024-04-02 17:36:33.4978]<ERROR><read from client failed, err: <read tcp 127.0.0.1:8080->127.0.0.1:10636: use of closed network connection>>
[2024-04-02 17:36:33.4983]<INFO><Thread#1 waiting>
[2024-04-02 17:36:33.4990]<ERROR><read from client failed, err: <EOF>>
[2024-04-02 17:36:33.5011]<INFO><Thread#0 waiting>
[2024-04-02 17:36:43.8091]<INFO><Q entered, server exit ... >
[2024-04-02 18:11:21.5337]<INFO><Server start ...>
[2024-04-02 18:11:21.5537]<INFO><Server listen: 127.0.0.1:8080>
[2024-04-02 18:11:21.5537]<INFO><Thread#0 start>
[2024-04-02 18:11:21.5537]<INFO><Thread#0 waiting>
[2024-04-02 18:11:28.4686]<INFO><Received from remote <127.0.0.1:10808>>
[2024-04-02 18:11:28.4686]<INFO><Thread#1 start>
[2024-04-02 18:11:28.4686]<INFO><Thread#1 waiting>
[2024-04-02 18:11:28.4686]<INFO><Received from remote <127.0.0.1:10807>>
[2024-04-02 18:11:28.4686]<INFO><Thread#2 start>
[2024-04-02 18:11:28.4686]<INFO><Thread#2 waiting>
[2024-04-02 18:11:29.4758]<INFO><Thread#0 Recieve: client message: client id: 1, msg id: 0>
[2024-04-02 18:11:29.4764]<INFO><Server msg: thread id: 0, msg id: 0>
[2024-04-02 18:11:29.4764]<INFO><Thread#1 Recieve: client message: client id: 0, msg id: 0>
[2024-04-02 18:11:29.4764]<INFO><Server msg: thread id: 1, msg id: 0>
[2024-04-02 18:11:30.4801]<INFO><Thread#1 Recieve: client message: client id: 0, msg id: 1>
[2024-04-02 18:11:30.4801]<INFO><Server msg: thread id: 1, msg id: 1>
[2024-04-02 18:11:30.4801]<INFO><Thread#0 Recieve: client message: client id: 1, msg id: 1>
[2024-04-02 18:11:30.4806]<INFO><Server msg: thread id: 0, msg id: 1>
[2024-04-02 18:11:31.4690]<INFO><Thread#1 Recieve: client message: client id: 0, msg id: 2>
[2024-04-02 18:11:31.4697]<INFO><Server msg: thread id: 1, msg id: 2>
[2024-04-02 18:11:31.4697]<INFO><Thread#0 Recieve: client message: client id: 1, msg id: 2>
[2024-04-02 18:11:31.4745]<INFO><Server msg: thread id: 0, msg id: 2>
[2024-04-02 18:11:32.4701]<INFO><Thread#0 Recieve: client message: client id: 1, msg id: 3>
[2024-04-02 18:11:32.4701]<INFO><Thread#1 Recieve: client message: client id: 0, msg id: 3>
[2024-04-02 18:11:32.4701]<INFO><Server msg: thread id: 0, msg id: 3>
[2024-04-02 18:11:32.4707]<INFO><Server msg: thread id: 1, msg id: 3>
[2024-04-02 18:11:33.4723]<INFO><Thread#0 Recieve: client message: client id: 1, msg id: 4>
[2024-04-02 18:11:33.4723]<INFO><Server msg: thread id: 0, msg id: 4>
[2024-04-02 18:11:33.4723]<INFO><Thread#1 Recieve: client message: client id: 0, msg id: 4>
[2024-04-02 18:11:33.4728]<INFO><Server msg: thread id: 1, msg id: 4>
[2024-04-02 18:11:34.4755]<INFO><Thread#1 Recieve: client message: client id: 0, msg id: 5>
[2024-04-02 18:11:34.4759]<INFO><Server msg: thread id: 1, msg id: 5>
[2024-04-02 18:11:34.4761]<INFO><Thread#0 Recieve: client message: client id: 1, msg id: 5>
[2024-04-02 18:11:34.4761]<INFO><Server msg: thread id: 0, msg id: 5>
[2024-04-02 18:11:35.4740]<ERROR><read from client failed, err: <EOF>>
[2024-04-02 18:11:35.4745]<INFO><Thread#1 waiting>
[2024-04-02 18:11:35.4746]<ERROR><read from client failed, err: <EOF>>
[2024-04-02 18:11:35.4751]<INFO><Thread#0 waiting>
[2024-04-02 18:11:38.6346]<INFO><Q entered, server exit ... >
[2024-04-02 19:31:32.1488]<INFO>Server start ...
[2024-04-02 19:31:32.1689]<INFO>Server listen: 127.0.0.1:8080
[2024-04-02 19:31:32.1694]<INFO>Thread#0 start
[2024-04-02 19:31:32.1695]<INFO>Thread#0 waiting
[2024-04-02 19:31:37.2671]<INFO>Received from remote <127.0.0.1:7182>
[2024-04-02 19:31:37.2677]<INFO>Thread#1 start
[2024-04-02 19:31:37.2677]<INFO>Thread#1 waiting
[2024-04-02 19:31:37.2677]<INFO>Received from remote <127.0.0.1:7181>
[2024-04-02 19:31:37.2677]<INFO>Thread#2 start
[2024-04-02 19:31:37.2677]<INFO>Thread#2 waiting
[2024-04-02 19:31:38.2790]<INFO>Thread#<1> Recieve: <client message: client id: 0, msg id: 0>
[2024-04-02 19:31:38.2796]<INFO>Thread#<0> Recieve: <client message: client id: 1, msg id: 0>
[2024-04-02 19:31:38.2796]<INFO>Server msg: thread id: 1, msg id: 0
[2024-04-02 19:31:38.2796]<INFO>Server msg: thread id: 0, msg id: 0
[2024-04-02 19:31:39.2827]<INFO>Thread#<0> Recieve: <client message: client id: 1, msg id: 1>
[2024-04-02 19:31:39.2828]<INFO>Server msg: thread id: 0, msg id: 1
[2024-04-02 19:31:39.2834]<INFO>Thread#<1> Recieve: <client message: client id: 0, msg id: 1>
[2024-04-02 19:31:39.2834]<INFO>Server msg: thread id: 1, msg id: 1
[2024-04-02 19:31:40.2736]<INFO>Thread#<1> Recieve: <client message: client id: 0, msg id: 2>
[2024-04-02 19:31:40.2736]<INFO>Thread#<0> Recieve: <client message: client id: 1, msg id: 2>
[2024-04-02 19:31:40.2736]<INFO>Server msg: thread id: 1, msg id: 2
[2024-04-02 19:31:40.2741]<INFO>Server msg: thread id: 0, msg id: 2
[2024-04-02 19:31:41.2770]<INFO>Thread#<1> Recieve: <client message: client id: 0, msg id: 3>
[2024-04-02 19:31:41.2770]<INFO>Server msg: thread id: 1, msg id: 3
[2024-04-02 19:31:41.2775]<INFO>Thread#<0> Recieve: <client message: client id: 1, msg id: 3>
[2024-04-02 19:31:41.2775]<INFO>Server msg: thread id: 0, msg id: 3
[2024-04-02 19:31:42.2676]<INFO>Thread#<1> Recieve: <client message: client id: 0, msg id: 4>
[2024-04-02 19:31:42.2681]<INFO>Server msg: thread id: 1, msg id: 4
[2024-04-02 19:31:42.2681]<INFO>Thread#<0> Recieve: <client message: client id: 1, msg id: 4>
[2024-04-02 19:31:42.2687]<INFO>Server msg: thread id: 0, msg id: 4
[2024-04-02 19:31:43.2732]<INFO>Thread#<1> Recieve: <client message: client id: 0, msg id: 5>
[2024-04-02 19:31:43.2732]<INFO>Server msg: thread id: 1, msg id: 5
[2024-04-02 19:31:43.2732]<INFO>Thread#<0> Recieve: <client message: client id: 1, msg id: 5>
[2024-04-02 19:31:43.2738]<INFO>Server msg: thread id: 0, msg id: 5
[2024-04-02 19:31:44.2751]<INFO>Thread#<0> Recieve: <client message: client id: 1, msg id: 6>
[2024-04-02 19:31:44.2751]<INFO>Server msg: thread id: 0, msg id: 6
[2024-04-02 19:31:44.2751]<INFO>Thread#<1> Recieve: <client message: client id: 0, msg id: 6>
[2024-04-02 19:31:44.2756]<INFO>Server msg: thread id: 1, msg id: 6
[2024-04-02 19:31:45.2810]<INFO>Thread#<1> Recieve: <client message: client id: 0, msg id: 7>
[2024-04-02 19:31:45.2810]<INFO>Server msg: thread id: 1, msg id: 7
[2024-04-02 19:31:45.2816]<INFO>Thread#<0> Recieve: <client message: client id: 1, msg id: 7>
[2024-04-02 19:31:45.2816]<INFO>Server msg: thread id: 0, msg id: 7
[2024-04-02 19:31:46.2694]<INFO>Thread#<1> Recieve: <client message: client id: 0, msg id: 8>
[2024-04-02 19:31:46.2694]<INFO>Server msg: thread id: 1, msg id: 8
[2024-04-02 19:31:46.2694]<INFO>Thread#<0> Recieve: <client message: client id: 1, msg id: 8>
[2024-04-02 19:31:46.2701]<INFO>Server msg: thread id: 0, msg id: 8
[2024-04-02 19:31:47.2767]<INFO>Thread#<1> Recieve: <client message: client id: 0, msg id: 9>
[2024-04-02 19:31:47.2767]<INFO>Server msg: thread id: 1, msg id: 9
[2024-04-02 19:31:47.2767]<INFO>Thread#<0> Recieve: <client message: client id: 1, msg id: 9>
[2024-04-02 19:31:47.2773]<INFO>Server msg: thread id: 0, msg id: 9
[2024-04-02 19:31:48.2796]<INFO>Thread#<1> Recieve: <client message: client id: 0, msg id: 10>
[2024-04-02 19:31:48.2796]<INFO>Thread#<0> Recieve: <client message: client id: 1, msg id: 10>
[2024-04-02 19:31:48.2796]<INFO>Server msg: thread id: 1, msg id: 10
[2024-04-02 19:31:48.2796]<INFO>Server msg: thread id: 0, msg id: 10
[2024-04-02 19:31:49.2832]<INFO>Thread#<0> Recieve: <client message: client id: 1, msg id: 11>
[2024-04-02 19:31:49.2837]<INFO>Server msg: thread id: 0, msg id: 11
[2024-04-02 19:31:49.2837]<INFO>Thread#<1> Recieve: <client message: client id: 0, msg id: 11>
[2024-04-02 19:31:49.2838]<INFO>Server msg: thread id: 1, msg id: 11
[2024-04-02 19:31:50.2723]<INFO>Thread#<0> Recieve: <client message: client id: 1, msg id: 12>
[2024-04-02 19:31:50.2723]<INFO>Server msg: thread id: 0, msg id: 12
[2024-04-02 19:31:50.2723]<INFO>Thread#<1> Recieve: <client message: client id: 0, msg id: 12>
[2024-04-02 19:31:50.2729]<INFO>Server msg: thread id: 1, msg id: 12
[2024-04-02 19:31:51.2766]<INFO>Thread#<1> Recieve: <client message: client id: 0, msg id: 13>
[2024-04-02 19:31:51.2766]<INFO>Server msg: thread id: 1, msg id: 13
[2024-04-02 19:31:51.2771]<INFO>Thread#<0> Recieve: <client message: client id: 1, msg id: 13>
[2024-04-02 19:31:51.2776]<INFO>Server msg: thread id: 0, msg id: 13
[2024-04-02 19:31:52.2689]<INFO>Thread#<1> Recieve: <client message: client id: 0, msg id: 14>
[2024-04-02 19:31:52.2694]<INFO>Server msg: thread id: 1, msg id: 14
[2024-04-02 19:31:52.2694]<INFO>Thread#<0> Recieve: <client message: client id: 1, msg id: 14>
[2024-04-02 19:31:52.2700]<INFO>Server msg: thread id: 0, msg id: 14
[2024-04-02 19:31:53.2734]<INFO>Thread#<1> Recieve: <client message: client id: 0, msg id: 15>
[2024-04-02 19:31:53.2734]<INFO>Server msg: thread id: 1, msg id: 15
[2024-04-02 19:31:53.2734]<INFO>Thread#<0> Recieve: <client message: client id: 1, msg id: 15>
[2024-04-02 19:31:53.2739]<INFO>Server msg: thread id: 0, msg id: 15
[2024-04-02 19:31:53.7553]<ERROR>read from client failed, err: <EOF>
[2024-04-02 19:31:53.7564]<INFO>Thread#1 waiting
[2024-04-02 19:31:53.7564]<ERROR>read from client failed, err: <EOF>
[2024-04-02 19:31:53.7571]<INFO>Thread#0 waiting
[2024-04-02 19:31:57.5411]<INFO>Q entered, server exit ... 
[2024-04-02 19:35:17.3408]<INFO>Server start ...
[2024-04-02 19:35:17.3606]<INFO>Server listen: 127.0.0.1:8080
[2024-04-02 19:35:17.3606]<INFO>Thread#0 start
[2024-04-02 19:35:17.3606]<INFO>Thread#0 waiting
[2024-04-02 19:35:24.9955]<INFO>Received from remote <127.0.0.1:7212>
[2024-04-02 19:35:24.9955]<INFO>Thread#1 start
[2024-04-02 19:35:24.9955]<INFO>Received from remote <127.0.0.1:7211>
[2024-04-02 19:35:24.9955]<INFO>Thread#2 start
[2024-04-02 19:35:24.9955]<INFO>Thread#2 waiting
[2024-04-02 19:35:26.0074]<INFO>Thread#<1> Recieve: <client message: client id: 1, msg id: 0>
[2024-04-02 19:35:26.0074]<INFO>Server msg: thread id: 1, msg id: 0
[2024-04-02 19:35:26.0074]<INFO>Thread#<0> Recieve: <client message: client id: 0, msg id: 0>
[2024-04-02 19:35:26.0080]<INFO>Server msg: thread id: 0, msg id: 0
[2024-04-02 19:35:27.0095]<INFO>Thread#<1> Recieve: <client message: client id: 1, msg id: 1>
[2024-04-02 19:35:27.0095]<INFO>Server msg: thread id: 1, msg id: 1
[2024-04-02 19:35:27.0095]<INFO>Thread#<0> Recieve: <client message: client id: 0, msg id: 1>
[2024-04-02 19:35:27.0101]<INFO>Server msg: thread id: 0, msg id: 1
[2024-04-02 19:35:28.0111]<INFO>Thread#<1> Recieve: <client message: client id: 1, msg id: 2>
[2024-04-02 19:35:28.0111]<INFO>Server msg: thread id: 1, msg id: 2
[2024-04-02 19:35:28.0116]<INFO>Thread#<0> Recieve: <client message: client id: 0, msg id: 2>
[2024-04-02 19:35:28.0116]<INFO>Server msg: thread id: 0, msg id: 2
[2024-04-02 19:35:28.9965]<INFO>Thread#<0> Recieve: <client message: client id: 0, msg id: 3>
[2024-04-02 19:35:28.9972]<INFO>Server msg: thread id: 0, msg id: 3
[2024-04-02 19:35:28.9972]<INFO>Thread#<1> Recieve: <client message: client id: 1, msg id: 3>
[2024-04-02 19:35:28.9972]<INFO>Server msg: thread id: 1, msg id: 3
[2024-04-02 19:35:30.0006]<INFO>Thread#<0> Recieve: <client message: client id: 0, msg id: 4>
[2024-04-02 19:35:30.0006]<INFO>Server msg: thread id: 0, msg id: 4
[2024-04-02 19:35:30.0006]<INFO>Thread#<1> Recieve: <client message: client id: 1, msg id: 4>
[2024-04-02 19:35:30.0012]<INFO>Server msg: thread id: 1, msg id: 4
[2024-04-02 19:35:31.0029]<INFO>Thread#<0> Recieve: <client message: client id: 0, msg id: 5>
[2024-04-02 19:35:31.0029]<INFO>Server msg: thread id: 0, msg id: 5
[2024-04-02 19:35:31.0035]<INFO>Thread#<1> Recieve: <client message: client id: 1, msg id: 5>
[2024-04-02 19:35:31.0035]<INFO>Server msg: thread id: 1, msg id: 5
[2024-04-02 19:35:32.0082]<INFO>Thread#<0> Recieve: <client message: client id: 0, msg id: 6>
[2024-04-02 19:35:32.0087]<INFO>Server msg: thread id: 0, msg id: 6
[2024-04-02 19:35:32.0087]<INFO>Thread#<1> Recieve: <client message: client id: 1, msg id: 6>
[2024-04-02 19:35:32.0087]<INFO>Server msg: thread id: 1, msg id: 6
[2024-04-02 19:35:32.6790]<INFO>Q entered, server exit ... 
